<?xml version="1.0" encoding="UTF-8"?>
<testng-results ignored="0" total="1" passed="1" failed="0" skipped="0">
  <reporter-output>
  </reporter-output>
  <suite started-at="2024-08-24T22:43:42 IST" name="Default suite" finished-at="2024-08-24T22:43:48 IST" duration-ms="6302">
    <groups>
    </groups>
    <test started-at="2024-08-24T22:43:42 IST" name="Default test" finished-at="2024-08-24T22:43:48 IST" duration-ms="6302">
      <class name="testngsessions.FlipcartTest">
        <test-method is-config="true" signature="setup()[pri:0, instance:testngsessions.FlipcartTest@cecf639]" started-at="2024-08-24T22:43:42 IST" name="setup" finished-at="2024-08-24T22:43:48 IST" duration-ms="6215" status="PASS">
          <reporter-output>
          </reporter-output>
        </test-method> <!-- setup -->
        <test-method signature="title()[pri:0, instance:testngsessions.FlipcartTest@cecf639]" started-at="2024-08-24T22:43:48 IST" name="title" finished-at="2024-08-24T22:43:48 IST" duration-ms="10" status="PASS">
          <reporter-output>
          </reporter-output>
        </test-method> <!-- title -->
        <test-method is-config="true" signature="logOut()[pri:0, instance:testngsessions.FlipcartTest@cecf639]" started-at="2024-08-24T22:43:48 IST" name="logOut" finished-at="2024-08-24T22:43:48 IST" duration-ms="1" status="PASS">
          <reporter-output>
          </reporter-output>
        </test-method> <!-- logOut -->
      </class> <!-- testngsessions.FlipcartTest -->
    </test> <!-- Default test -->
  </suite> <!-- Default suite -->
</testng-results>
